 ph              7.0
LYS01_0001_001 0.000
LYS+1_0001_002 0.000
GLU01_0002_001 0.000
GLU01_0002_002 0.000
GLU02_0002_003 0.000
GLU02_0002_004 0.000
GLU-1_0002_005 0.000
THR01_0003_001 0.000
THR01_0003_002 0.000
ALA01_0004_001 0.000
ALA01_0005_001 0.000
ALA01_0006_001 0.000
LYS01_0007_001 0.000
LYS+1_0007_002 0.000
PHE01_0008_001 0.000
GLU01_0009_001 0.000
GLU01_0009_002 0.000
GLU02_0009_003 0.000
GLU02_0009_004 0.000
GLU-1_0009_005 0.000
ARG01_0010_001 0.000
ARG02_0010_002 0.000
ARG02_0010_003 0.000
ARG03_0010_004 0.000
ARG+1_0010_005 0.000
GLN01_0011_001 0.000
GLN01_0011_002 0.000
HIS01_0012_001 0.000
HIS01_0012_002 0.000
HIS02_0012_003 0.000
HIS02_0012_004 0.000
HIS+1_0012_005 0.000
HIS+1_0012_006 0.000
MET01_0013_001 0.000
