iConf CONFORMER     FL  occ    crg   Em0  pKa0 ne nH    vdw0    vdw1    tors    epol   dsolv   extra    history
00001 LYS01_0001_001 f 0.00  0.000     0  0.00  0  0  -4.818   4.380   2.278   0.028   1.500   0.000 01O000M000t
00002 LYS+1_0001_002 f 0.00  1.000     0 10.40  0  1  -4.344   4.356   2.278   0.023  19.800   0.000 +1O000M000t
00003 GLU01_0002_001 f 0.00  0.000     0  0.00  0  0  -0.952 999.000   3.221   0.031   3.100   0.000 01O000M000t
00004 GLU01_0002_002 f 0.00  0.000     0  0.00  0  0  -0.952 999.000   0.501   0.033   3.100   0.000 01O000M000t
00005 GLU02_0002_003 f 0.00  0.000     0  0.00  0  0  -0.909 999.000   3.221   0.032   3.100   0.000 02O000M000t
00006 GLU02_0002_004 f 0.00  0.000     0  0.00  0  0  -0.909 999.000   0.501   0.034   3.100   0.000 02O000M000t
00007 GLU-1_0002_005 f 0.00 -1.000     0  4.75  0 -1  -1.005 999.000   0.501   0.034  20.200   0.000 -1O000M000t
00008 THR01_0003_001 f 0.00  0.000     0  0.00  0  0  -4.822   0.092   0.420   0.031   2.000   0.000 01O000M000t
00009 THR01_0003_002 f 0.00  0.000     0  0.00  0  0  -4.822   0.092   0.420   0.034   2.000   0.000 01O000M000t
00010 THR01_0003_003 f 0.00  0.000     0  0.00  0  0  -4.822   0.092   0.045   0.034   2.000   0.000 01O000M000t
00011 ALA01_0004_001 f 0.00  0.000     0  0.00  0  0  -5.370  -0.305   0.000   0.000   0.000   0.000 01O000M000t
00012 ALA01_0005_001 f 0.00  0.000     0  0.00  0  0  -4.015  -0.084   0.000   0.000   0.000   0.000 01O000M000t
00013 ALA01_0006_001 f 0.00  0.000     0  0.00  0  0  -2.247  -1.464   0.000   0.000   0.000   0.000 01O000M000t
00014 LYS01_0007_001 f 0.00  0.000     0  0.00  0  0  -2.609  -2.495   3.678   0.035   1.500   0.000 01O000M000t
00015 LYS+1_0007_002 f 0.00  1.000     0 10.40  0  1  -2.664  -2.499   3.678   0.033  19.800   0.000 +1O000M000t
00016 PHE01_0008_001 f 0.00  0.000     0  0.00  0  0  -3.607  -3.271   0.005   0.000   0.000   0.000 01O000M000t
00017 GLU01_0009_001 f 0.00  0.000     0  0.00  0  0   3.730  -2.926   4.275   0.035   3.100   0.000 01O000M000t
00018 GLU01_0009_002 f 0.00  0.000     0  0.00  0  0   3.730  -2.926   1.555   0.033   3.100   0.000 01O000M000t
00019 GLU02_0009_003 f 0.00  0.000     0  0.00  0  0   5.551  -2.953   4.275   0.033   3.100   0.000 02O000M000t
00020 GLU02_0009_004 f 0.00  0.000     0  0.00  0  0   5.551  -2.953   1.555   0.035   3.100   0.000 02O000M000t
00021 GLU-1_0009_005 f 0.00 -1.000     0  4.75  0 -1   3.779  -2.887   1.555   0.031  20.200   0.000 -1O000M000t
00022 ARG01_0010_001 f 0.00  0.000     0  0.00  0  0  -1.717  -1.070   0.754   0.034   4.500   0.000 01O000M000t
00023 ARG02_0010_002 f 0.00  0.000     0  0.00  0  0  -1.770  -1.088   0.754   0.033   5.000   0.000 02O000M000t
00024 ARG02_0010_003 f 0.00  0.000     0  0.00  0  0  -1.764  -1.079   0.754   0.032   5.000   0.000 02O000M000t
00025 ARG03_0010_004 f 0.00  0.000     0  0.00  0  0  -1.760  -1.090   0.754   0.031   4.900   0.000 03O000M000t
00026 ARG+1_0010_005 f 0.00  1.000     0 12.50  0  1  -1.809  -1.093   0.754   0.036  16.400   0.000 +1O000M000t
00027 GLN01_0011_001 f 0.00  0.000     0  0.00  0  0  -1.629   6.856   3.833   0.031   3.500   0.000 01O000M000t
00028 GLN01_0011_002 f 0.00  0.000     0  0.00  0  0  -1.548   6.899   3.804   0.032   3.500   0.000 01R001M000t
00029 HIS01_0012_001 f 0.00  0.000     0  0.00  0  0  -5.725  -2.306   0.079   0.033   4.000   0.000 01O000M000t
00030 HIS01_0012_002 f 0.00  0.000     0  0.00  0  0  -5.822  -2.250   0.079   0.031   4.000   0.000 01R001M000t
00031 HIS02_0012_003 f 0.00  0.000     0  0.00  0  0  -5.741  -2.350   0.079   0.034   4.000   0.000 02O000M000t
00032 HIS02_0012_004 f 0.00  0.000     0  0.00  0  0  -5.838  -2.315   0.079   0.034   4.000   0.000 02R001M000t
00033 HIS+1_0012_005 f 0.00  1.000     0  6.98  0  1  -5.767  -2.361   0.079   0.032  16.100   0.000 +1O000M000t
00034 HIS+1_0012_006 f 0.00  1.000     0  6.98  0  1  -5.864  -2.324   0.079   0.033  16.100   0.000 +1R001M000t
00035 MET01_0013_001 f 0.00  0.000     0  0.00  0  0  -5.796  -0.775   0.421   0.034   0.100   0.000 01O000M000t
