 residue    partner         vdw     ele  pairwise  charge
LYS+_0001_  THR_0003_      -0.00   -0.02   -0.02    0.00
GLU-_0002_  LYS_0001_       0.00    0.01    0.01    0.00
GLU-_0002_  THR_0003_       0.00    0.01    0.01    0.00
GLU-_0002_  LYS_0007_       0.02    0.03    0.04    0.00
GLU-_0002_  GLU_0009_      -0.00    0.02    0.02    0.00
GLU-_0002_  ARG_0010_      -0.25    1.48    1.22    0.00
GLU-_0002_  GLN_0011_       0.00   -0.03   -0.02    0.00
LYS+_0007_  LYS_0001_      -0.00   -0.01   -0.01    0.00
LYS+_0007_  GLU_0002_      -0.00   -0.11   -0.11    0.00
LYS+_0007_  GLN_0011_      -0.00   -0.04   -0.04    0.00
GLU-_0009_  GLU_0002_       0.00    0.01    0.01    0.00
GLU-_0009_  THR_0003_       0.00   -0.02   -0.02    0.00
GLU-_0009_  ARG_0010_       0.00    0.01    0.01    0.00
GLU-_0009_  MET_0013_       0.00   -0.01   -0.01    0.00
ARG+_0010_  GLU_0002_      -0.01    0.89    0.88    0.00
ARG+_0010_  LYS_0007_      -0.01   -0.02   -0.03    0.00
ARG+_0010_  GLU_0009_      -0.00   -0.02   -0.02    0.00
ARG+_0010_  GLN_0011_      -0.00    0.03    0.03    0.00
HIS+_0012_  GLU_0002_       0.00   -0.02   -0.02    0.00
HIS+_0012_  PHE_0008_      -0.04    0.00   -0.04    0.00
HIS+_0012_  ARG_0010_       0.00   -0.01   -0.01    0.00
HIS+_0012_  GLN_0011_      -0.01    0.07    0.07    0.00
