   confID        vdw0    sas     sum
LYS01_0001_001   5.079  -9.897  -4.818
LYS+1_0001_002   5.553  -9.897  -4.344
GLU01_0002_001   0.498  -1.450  -0.952
GLU01_0002_002   0.498  -1.450  -0.952
GLU02_0002_003   0.665  -1.574  -0.909
GLU02_0002_004   0.665  -1.574  -0.909
GLU-1_0002_005   0.467  -1.473  -1.005
THR01_0003_001   0.189  -5.011  -4.822
THR01_0003_002   0.189  -5.011  -4.822
ALA01_0004_001   0.000  -5.370  -5.370
ALA01_0005_001   0.000  -4.015  -4.015
ALA01_0006_001   0.000  -2.247  -2.247
LYS01_0007_001   3.319  -5.928  -2.609
LYS+1_0007_002   3.263  -5.928  -2.664
PHE01_0008_001   4.427  -8.034  -3.607
GLU01_0009_001   6.956  -3.226   3.730
GLU01_0009_002   6.956  -3.226   3.730
GLU02_0009_003   8.778  -3.227   5.551
GLU02_0009_004   8.778  -3.227   5.551
GLU-1_0009_005   6.897  -3.118   3.779
ARG01_0010_001   6.504  -8.221  -1.717
ARG02_0010_002   6.451  -8.221  -1.770
ARG02_0010_003   6.457  -8.221  -1.764
ARG03_0010_004   6.461  -8.221  -1.760
ARG+1_0010_005   6.412  -8.221  -1.809
GLN01_0011_001   0.924  -2.554  -1.629
GLN01_0011_002   1.047  -2.595  -1.548
HIS01_0012_001  -0.178  -5.547  -5.725
HIS01_0012_002  -0.169  -5.653  -5.822
HIS02_0012_003  -0.194  -5.547  -5.741
HIS02_0012_004  -0.185  -5.653  -5.838
HIS+1_0012_005  -0.221  -5.547  -5.767
HIS+1_0012_006  -0.211  -5.653  -5.864
MET01_0013_001   1.190  -6.986  -5.796
