CONFORMER         crg  vdw0  vdw1  tors  epol  self   occ  Hb     history    ASA
LYS01_0001_001 -0.780 -8.44 -0.51  2.28  0.00 -6.66 1.000  00  01O000M000  0.873
LYS+1_0001_002  0.010 -8.44 -0.51  2.28  0.00 -6.66 1.000  00  +1O000M000  0.873
GLU01_0002_001 -0.435 -1.36192.32  0.50  0.00191.47 1.000  00  01O000M000  0.332
GLU-1_0002_002 -1.000 -1.35155.71  0.50  0.00154.87 1.000  00  -1O000M000  0.344
GLU02_0002_003 -0.435 -1.31155.66  0.50  0.00154.85 1.000  00  02O000M000  0.344
THR01_0003_001 -0.490 -4.55  0.53  0.04  0.00 -3.97 0.668  00  01O000M000  0.610
ALA01_0004_001  0.000 -3.92 -0.30  0.00  0.00 -4.22 1.000  00  01O000M000  0.951
ALA01_0005_001  0.000 -3.38 -0.26  0.00  0.00 -3.64 1.000  00  01O000M000  0.794
ALA01_0006_001  0.000 -1.89 -1.00  0.00  0.00 -2.89 1.000  00  01O000M000  0.467
LYS01_0007_001 -0.780 -6.19 -2.50  3.68  0.00 -5.02 1.000  00  01O000M000  0.552
LYS+1_0007_002  0.010 -6.19 -2.50  3.68  0.00 -5.02 1.000  00  +1O000M000  0.552
PHE01_0008_001  0.000 -3.34 -2.98  0.01  0.00 -6.31 1.000  00  01O000M000  0.598
GLU01_0009_001 -0.435 -0.12 -3.34  1.55  0.00 -1.90 1.000  00  01O000M000  0.764
GLU-1_0009_002 -1.000  0.05 -3.30  1.55  0.00 -1.69 1.000  00  -1O000M000  0.750
GLU02_0009_003 -0.435  0.77 -3.39  1.55  0.00 -1.06 1.000  00  02O000M000  0.742
ARG01_0010_001 -1.500 -4.11 -1.68  0.75  0.00 -5.04 1.000  00  01O000M000  0.575
ARG+1_0010_002 -1.050 -4.11 -1.68  0.75  0.00 -5.04 1.000  00  +1O000M000  0.575
ARG03_0010_003 -1.500 -4.11 -1.68  0.75  0.00 -5.04 1.000  00  03O000M000  0.575
ARG02_0010_004 -1.500 -4.11 -1.68  0.75  0.00 -5.04 1.000  00  02O000M000  0.575
GLN01_0011_001 -0.780 -2.51 -0.71  3.83  0.00  0.62 0.748  00  01O000M000  0.531
GLN01_0011_002 -0.780 -2.40 -0.68  3.80  0.00  0.72 0.752  00  01R001M000  0.547
HIS01_0012_001 -0.650 -5.40 -2.37  0.08  0.00 -7.69 0.758  00  01O000M000  0.511
HIS+1_0012_002 -0.150 -5.40 -2.37  0.08  0.00 -7.69 0.758  00  +1O000M000  0.511
HIS02_0012_003 -0.650 -5.40 -2.37  0.08  0.00 -7.69 0.758  00  02O000M000  0.511
HIS01_0012_004 -0.650 -5.49 -2.39  0.08  0.00 -7.80 0.742  00  01R001M000  0.507
HIS+1_0012_005 -0.150 -5.49 -2.39  0.08  0.00 -7.80 0.742  00  +1R001M000  0.507
HIS02_0012_006 -0.650 -5.49 -2.39  0.08  0.00 -7.80 0.742  00  02R001M000  0.507
MET01_0013_001  0.000 -6.41 -2.35  0.42  0.00 -8.34 1.000  00  01O000M000  0.645
