CONFORMER         crg  vdw0  vdw1  tors  epol  self   occ  Hb     history    ASA
LYS01_0001_001  0.000 -4.82  4.39  2.28  0.00  1.84 1.000  00  01O000M000  0.851
LYS+1_0001_002  1.000 -4.35  4.36  2.28  0.00  2.29 1.000  00  +1O000M000  0.851
GLU01_0002_001  0.000 -0.95999.00  3.22  0.00999.00 1.000  00  01O000M000  0.313
GLU-1_0002_002 -1.000 -1.01999.00  0.50  0.00999.00 1.000  00  -1O000M000  0.325
GLU02_0002_003  0.000 -0.91999.00  3.22  0.00999.00 1.000  00  02O000M000  0.334
GLU01_0002_004  0.000 -0.95999.00  0.50  0.00999.00 1.000  00  01O000M000  0.313
GLU02_0002_005  0.000 -0.91999.00  0.50  0.00999.00 1.000  00  02O000M000  0.334
THR01_0003_001  0.000 -4.82  0.09  0.42  0.00 -4.31 0.668  00  01O000M000  0.566
THR01_0003_002  0.000 -4.82  0.09  0.42  0.00 -4.31 0.668  00  01O000M000  0.566
THR01_0003_003  0.000 -4.82  0.09  0.04  0.00 -4.68 0.668  00  01O000M000  0.566
ALA01_0004_001  0.000 -5.37 -0.30  0.00  0.00 -5.67 1.000  00  01O000M000  0.946
ALA01_0005_001  0.000 -4.01 -0.08  0.00  0.00 -4.10 1.000  00  01O000M000  0.722
ALA01_0006_001  0.000 -2.25 -1.46  0.00  0.00 -3.71 1.000  00  01O000M000  0.412
LYS01_0007_001  0.000 -2.61 -2.49  3.68  0.00 -1.42 1.000  00  01O000M000  0.483
LYS+1_0007_002  1.000 -2.66 -2.50  3.68  0.00 -1.48 1.000  00  +1O000M000  0.483
PHE01_0008_001  0.000 -3.61 -3.27  0.01  0.00 -6.87 1.000  00  01O000M000  0.570
GLU01_0009_001  0.000  3.74 -2.93  4.27  0.00  5.09 1.000  00  01O000M000  0.732
GLU-1_0009_002 -1.000  3.79 -2.89  1.55  0.00  2.46 1.000  00  -1O000M000  0.742
GLU02_0009_003  0.000  5.56 -2.95  4.27  0.00  6.88 1.000  00  02O000M000  0.732
GLU01_0009_004  0.000  3.74 -2.93  1.55  0.00  2.37 1.000  00  01O000M000  0.732
GLU02_0009_005  0.000  5.56 -2.95  1.55  0.00  4.16 1.000  00  02O000M000  0.732
ARG01_0010_001  0.000 -1.72 -1.07  0.75  0.00 -2.04 1.000  00  01O000M000  0.598
ARG+1_0010_002  1.000 -1.81 -1.10  0.75  0.00 -2.15 1.000  00  +1O000M000  0.598
ARG03_0010_003  0.000 -1.76 -1.09  0.75  0.00 -2.10 1.000  00  03O000M000  0.598
ARG02_0010_004  0.000 -1.77 -1.09  0.75  0.00 -2.11 1.000  00  02O000M000  0.598
ARG02_0010_005  0.000 -1.77 -1.08  0.75  0.00 -2.09 1.000  00  02O000M000  0.598
GLN01_0011_001  0.000 -1.63  6.85  3.83  0.00  9.06 0.748  00  01O000M000  0.523
GLN01_0011_002  0.000 -1.55  6.89  3.80  0.00  9.15 0.752  00  01R001M000  0.533
HIS01_0012_001  0.000 -5.72 -2.31  0.08  0.00 -7.95 0.758  00  01O000M000  0.487
HIS+1_0012_002  1.000 -5.77 -2.36  0.08  0.00 -8.05 0.758  00  +1O000M000  0.487
HIS02_0012_003  0.000 -5.74 -2.35  0.08  0.00 -8.01 0.758  00  02O000M000  0.487
HIS01_0012_004  0.000 -5.82 -2.25  0.08  0.00 -7.99 0.742  00  01R001M000  0.494
HIS+1_0012_005  1.000 -5.86 -2.32  0.08  0.00 -8.11 0.742  00  +1R001M000  0.494
HIS02_0012_006  0.000 -5.84 -2.31  0.08  0.00 -8.07 0.742  00  02R001M000  0.494
MET01_0013_001  0.000 -5.80 -0.77  0.42  0.00 -6.15 1.000  00  01O000M000  0.595
